
ff: parsing domain file
domain 'ELEVATORS' defined
 ... done.
ff: parsing problem file
problem 'SIMPLIFIED' defined
 ... done.


no metric specified. plan length assumed.

checking for cyclic := effects --- OK.

ff: search configuration is EHC, if that fails then  best-first on 1*g(s) + 5*h(s) where
    metric is  plan length

Cueing down from goal distance:    8 into depth [1]
                                   7            [1][2]
                                   6            [1]
                                   5            [1]
                                   4            [1]
                                   3            [1]
                                   2            [1]
                                   1            [1]
                                   0            

ff: found legal plan as follows

step    0: GET_IN P1 E0 S2 S1 F0
        1: GO_TO E0 F0 F2
        2: GET_OUT P1 E0 S0 S1 F2
        3: GET_IN P0 E0 S2 S1 F2
        4: GO_TO E0 F2 F0
        5: GET_IN P1 E1 S1 S0 F2
        6: GO_TO E1 F2 F3
        7: GET_OUT P0 E0 S0 S1 F0
        8: GET_OUT P1 E1 S0 S1 F3
     

time spent:    0.00 seconds instantiating 84 easy, 0 hard action templates
               0.00 seconds reachability analysis, yielding 23 facts and 53 actions
               0.00 seconds creating final representation with 21 relevant facts, 0 relevant fluents
               0.00 seconds computing LNF
               0.00 seconds building connectivity graph
               0.00 seconds searching, evaluating 11 states, to a max depth of 2
               0.00 seconds total time

