
; Version LPG-td-1.4
; Seed 103800745
; Command line: planners/lpg/lpg-td -o me_ascensores/domain.pddl -f me_ascensores/problem.pddl -n 1 -out out/lpg.out 
; Problem me_ascensores/problem.pddl
; Actions having STRIPS duration
; Time 0.03
; Search time 0.03
; Parsing time 0.00
; Mutex time 0.00
; NrActions 13

0:   (GO_UP E0 F0 F1) [1]
1:   (GO_UP E0 F1 F2) [1]
2:   (GET_IN P0 E0 S2 S1 F2) [1]
3:   (GO_DOWN E0 F2 F1) [1]
4:   (GO_DOWN E0 F1 F0) [1]
5:   (GET_OUT P0 E0 S0 S1 F0) [1]
5:   (GET_IN P1 E0 S2 S1 F0) [1]
6:   (GO_UP E0 F0 F1) [1]
7:   (GO_UP E0 F1 F2) [1]
8:   (GET_OUT P1 E0 S0 S1 F2) [1]
9:   (GET_IN P1 E1 S1 S0 F2) [1]
10:   (GO_UP E1 F2 F3) [1]
11:   (GET_OUT P1 E1 S0 S1 F3) [1]
